Using pre-set license
Built from '2021.2/staging' branch; Version is '2021.2.7f1 (6bd9e232123f) revision 7068130'; Using compiler version '192829333'; Build Type 'Release'
OS: 'Windows 10  (10.0.19043) 64bit Core' Language: 'en' Physical Memory: 15741 MB
BatchMode: 1, IsHumanControllingUs: 0, StartBugReporterOnCrash: 0, Is64bit: 1, IsPro: 0

COMMAND LINE ARGUMENTS:
C:\Program Files\Unity\2021.2.7f1\Editor\Unity.exe
-adb2
-batchMode
-noUpm
-name
AssetImportWorker7
-projectPath
D:/Repos/Unity2D/Delivery Driver
-logFile
Logs/AssetImportWorker7.log
-srvPort
50553
Successfully changed project path to: D:/Repos/Unity2D/Delivery Driver
D:/Repos/Unity2D/Delivery Driver
[UnityMemory] Configuration Parameters - Can be set up in boot.config
    "memorysetup-bucket-allocator-granularity=16"
    "memorysetup-bucket-allocator-bucket-count=8"
    "memorysetup-bucket-allocator-block-size=33554432"
    "memorysetup-bucket-allocator-block-count=8"
    "memorysetup-main-allocator-block-size=16777216"
    "memorysetup-thread-allocator-block-size=16777216"
    "memorysetup-gfx-main-allocator-block-size=16777216"
    "memorysetup-gfx-thread-allocator-block-size=16777216"
    "memorysetup-cache-allocator-block-size=4194304"
    "memorysetup-typetree-allocator-block-size=2097152"
    "memorysetup-profiler-bucket-allocator-granularity=16"
    "memorysetup-profiler-bucket-allocator-bucket-count=8"
    "memorysetup-profiler-bucket-allocator-block-size=33554432"
    "memorysetup-profiler-bucket-allocator-block-count=8"
    "memorysetup-profiler-allocator-block-size=16777216"
    "memorysetup-profiler-editor-allocator-block-size=1048576"
    "memorysetup-temp-allocator-size-main=16777216"
    "memorysetup-job-temp-allocator-block-size=2097152"
    "memorysetup-job-temp-allocator-block-size-background=1048576"
    "memorysetup-job-temp-allocator-reduction-small-platforms=262144"
    "memorysetup-temp-allocator-size-background-worker=32768"
    "memorysetup-temp-allocator-size-job-worker=262144"
    "memorysetup-temp-allocator-size-preload-manager=33554432"
    "memorysetup-temp-allocator-size-nav-mesh-worker=65536"
    "memorysetup-temp-allocator-size-audio-worker=65536"
    "memorysetup-temp-allocator-size-cloud-worker=32768"
    "memorysetup-temp-allocator-size-gi-baking-worker=262144"
    "memorysetup-temp-allocator-size-gfx=262144"
Refreshing native plugins compatible for Editor in 39.02 ms, found 3 plugins.
Preloading 0 native plugins for Editor in 0.00 ms.
Initialize engine version: 2021.2.7f1 (6bd9e232123f)
[Subsystems] Discovering subsystems at path C:/Program Files/Unity/2021.2.7f1/Editor/Data/Resources/UnitySubsystems
[Subsystems] Discovering subsystems at path D:/Repos/Unity2D/Delivery Driver/Assets
GfxDevice: creating device client; threaded=0; jobified=0
Direct3D:
    Version:  Direct3D 11.0 [level 11.1]
    Renderer: NVIDIA GeForce RTX 2060 (ID=0x1f15)
    Vendor:   NVIDIA
    VRAM:     5980 MB
    Driver:   27.21.14.5749
Initialize mono
Mono path[0] = 'C:/Program Files/Unity/2021.2.7f1/Editor/Data/Managed'
Mono path[1] = 'C:/Program Files/Unity/2021.2.7f1/Editor/Data/MonoBleedingEdge/lib/mono/unityjit-win32'
Mono config path = 'C:/Program Files/Unity/2021.2.7f1/Editor/Data/MonoBleedingEdge/etc'
Using monoOptions --debugger-agent=transport=dt_socket,embedding=1,server=y,suspend=n,address=127.0.0.1:56808
Begin MonoManager ReloadAssembly
Registering precompiled unity dll's ...
Register platform support module: C:/Program Files/Unity/2021.2.7f1/Editor/Data/PlaybackEngines/WebGLSupport/UnityEditor.WebGL.Extensions.dll
Register platform support module: C:/Program Files/Unity/2021.2.7f1/Editor/Data/PlaybackEngines/WindowsStandaloneSupport/UnityEditor.WindowsStandalone.Extensions.dll
Register platform support module: C:/Program Files/Unity/2021.2.7f1/Editor/Data/PlaybackEngines/LinuxStandaloneSupport/UnityEditor.LinuxStandalone.Extensions.dll
Registered in 0.007132 seconds.
Native extension for LinuxStandalone target not found
Native extension for WindowsStandalone target not found
Native extension for WebGL target not found
Refreshing native plugins compatible for Editor in 37.02 ms, found 3 plugins.
Preloading 0 native plugins for Editor in 0.00 ms.
Mono: successfully reloaded assembly
- Completed reload, in  0.907 seconds
Domain Reload Profiling:
	ReloadAssembly (908ms)
		BeginReloadAssembly (124ms)
			ExecutionOrderSort (0ms)
			DisableScriptedObjects (0ms)
			BackupInstance (0ms)
			ReleaseScriptingObjects (0ms)
			CreateAndSetChildDomain (1ms)
		EndReloadAssembly (635ms)
			LoadAssemblies (122ms)
			RebuildTransferFunctionScriptingTraits (0ms)
			SetupTypeCache (233ms)
			ReleaseScriptCaches (0ms)
			RebuildScriptCaches (22ms)
			SetupLoadedEditorAssemblies (332ms)
				LogAssemblyErrors (0ms)
				InitializePlatformSupportModulesInManaged (17ms)
				SetLoadedEditorAssemblies (0ms)
				RefreshPlugins (37ms)
				BeforeProcessingInitializeOnLoad (1ms)
				ProcessInitializeOnLoadAttributes (135ms)
				ProcessInitializeOnLoadMethodAttributes (141ms)
				AfterProcessingInitializeOnLoad (0ms)
				EditorAssembliesLoaded (0ms)
			ExecutionOrderSort2 (0ms)
			AwakeInstancesAfterBackupRestoration (0ms)
Platform modules already initialized, skipping
Registering precompiled user dll's ...
Registered in 0.006712 seconds.
Begin MonoManager ReloadAssembly
Native extension for LinuxStandalone target not found
Native extension for WindowsStandalone target not found
Native extension for WebGL target not found
Refreshing native plugins compatible for Editor in 50.57 ms, found 3 plugins.
Preloading 0 native plugins for Editor in 0.00 ms.
Mono: successfully reloaded assembly
- Completed reload, in  1.807 seconds
Domain Reload Profiling:
	ReloadAssembly (1808ms)
		BeginReloadAssembly (103ms)
			ExecutionOrderSort (0ms)
			DisableScriptedObjects (5ms)
			BackupInstance (0ms)
			ReleaseScriptingObjects (0ms)
			CreateAndSetChildDomain (19ms)
		EndReloadAssembly (1619ms)
			LoadAssemblies (190ms)
			RebuildTransferFunctionScriptingTraits (0ms)
			SetupTypeCache (194ms)
			ReleaseScriptCaches (0ms)
			RebuildScriptCaches (44ms)
			SetupLoadedEditorAssemblies (1154ms)
				LogAssemblyErrors (0ms)
				InitializePlatformSupportModulesInManaged (15ms)
				SetLoadedEditorAssemblies (0ms)
				RefreshPlugins (51ms)
				BeforeProcessingInitializeOnLoad (73ms)
				ProcessInitializeOnLoadAttributes (973ms)
				ProcessInitializeOnLoadMethodAttributes (34ms)
				AfterProcessingInitializeOnLoad (8ms)
				EditorAssembliesLoaded (0ms)
			ExecutionOrderSort2 (0ms)
			AwakeInstancesAfterBackupRestoration (5ms)
Platform modules already initialized, skipping
========================================================================
Worker process is ready to serve import requests
Launched and connected shader compiler UnityShaderCompiler.exe after 0.07 seconds
Refreshing native plugins compatible for Editor in 0.50 ms, found 3 plugins.
Preloading 0 native plugins for Editor in 0.00 ms.
Unloading 2318 Unused Serialized files (Serialized files now loaded: 0)
Unloading 33 unused Assets / (55.6 KB). Loaded Objects now: 2778.
Memory consumption went from 105.3 MB to 105.2 MB.
Total: 3.531000 ms (FindLiveObjects: 0.295500 ms CreateObjectMapping: 0.112700 ms MarkObjects: 3.042200 ms  DeleteObjects: 0.078800 ms)

AssetImportParameters requested are different than current active one (requested -> active):
  custom:video-decoder-ogg-theora: a1e56fd34408186e4bbccfd4996cb3dc -> 
  custom:container-muxer-webm: aa71ff27fc2769a1b78a27578f13a17b -> 
  custom:container-demuxer-webm: 4f35f7cbe854078d1ac9338744f61a02 -> 
  custom:video-encoder-webm-vp8: eb34c28f22e8b96e1ab97ce403110664 -> 
  custom:video-codec-MediaFoundation-h265: 746d11721c4dcdbdad8f713fa42b33f4 -> 
  custom:audio-encoder-webm-vorbis: bf7c407c2cedff20999df2af8eb42d56 -> 
  custom:framework-win-MediaFoundation: 216162199b28c13a410421893ffa2e32 -> 
  custom:container-demuxer-ogg: 62fdf1f143b41e24485cea50d1cbac27 -> 
  custom:video-decoder-webm-vp8: 9c59270c3fd7afecdb556c50c9e8de78 -> 
  custom:audio-decoder-ogg-vorbis: bf7c407c2cedff20999df2af8eb42d56 -> 
========================================================================
Received Import Request.
  Time since last request: 2652969.177598 seconds.
  path: Assets/Prefabs/WorldObjects.prefab
  artifactKey: Guid(176e42e5d29031145bd841fc74b828c0) Importer(815301076,1909f56bfc062723c751e8b465ee728b)
Start importing Assets/Prefabs/WorldObjects.prefab using Guid(176e42e5d29031145bd841fc74b828c0) Importer(815301076,1909f56bfc062723c751e8b465ee728b)  -> (artifact id: '7ac80237caeca4275f53040163f555a7') in 0.195145 seconds 
========================================================================
Received Import Request.
  Time since last request: 5.415963 seconds.
  path: Assets/Prefabs/WorldObjects.prefab
  artifactKey: Guid(176e42e5d29031145bd841fc74b828c0) Importer(815301076,1909f56bfc062723c751e8b465ee728b)
Start importing Assets/Prefabs/WorldObjects.prefab using Guid(176e42e5d29031145bd841fc74b828c0) Importer(815301076,1909f56bfc062723c751e8b465ee728b)  -> (artifact id: '7ed610f97f8e7b4c4184562cbe28fa3b') in 0.094486 seconds 
========================================================================
Received Import Request.
  Time since last request: 5.003355 seconds.
  path: Assets/Prefabs/WorldObjects.prefab
  artifactKey: Guid(176e42e5d29031145bd841fc74b828c0) Importer(815301076,1909f56bfc062723c751e8b465ee728b)
Start importing Assets/Prefabs/WorldObjects.prefab using Guid(176e42e5d29031145bd841fc74b828c0) Importer(815301076,1909f56bfc062723c751e8b465ee728b)  -> (artifact id: '6ea0f2250424aa50066154e29ccd2c46') in 0.081118 seconds 
========================================================================
Received Import Request.
  Time since last request: 27.992992 seconds.
  path: Assets/Prefabs/WorldObjects.prefab
  artifactKey: Guid(176e42e5d29031145bd841fc74b828c0) Importer(815301076,1909f56bfc062723c751e8b465ee728b)
Start importing Assets/Prefabs/WorldObjects.prefab using Guid(176e42e5d29031145bd841fc74b828c0) Importer(815301076,1909f56bfc062723c751e8b465ee728b)  -> (artifact id: '171fe03e4a0813b0accecd7f68374d75') in 0.083380 seconds 
========================================================================
Received Import Request.
  Time since last request: 10.116618 seconds.
  path: Assets/Prefabs/WorldObjects.prefab
  artifactKey: Guid(176e42e5d29031145bd841fc74b828c0) Importer(815301076,1909f56bfc062723c751e8b465ee728b)
Start importing Assets/Prefabs/WorldObjects.prefab using Guid(176e42e5d29031145bd841fc74b828c0) Importer(815301076,1909f56bfc062723c751e8b465ee728b)  -> (artifact id: 'c77f42bab2dda1e86e9b64f3b047d94b') in 0.089280 seconds 
========================================================================
Received Import Request.
  Time since last request: 9.625308 seconds.
  path: Assets/Prefabs/WorldObjects.prefab
  artifactKey: Guid(176e42e5d29031145bd841fc74b828c0) Importer(815301076,1909f56bfc062723c751e8b465ee728b)
Start importing Assets/Prefabs/WorldObjects.prefab using Guid(176e42e5d29031145bd841fc74b828c0) Importer(815301076,1909f56bfc062723c751e8b465ee728b)  -> (artifact id: 'b982403b59f705d2e20609233b8df9c8') in 0.080830 seconds 
========================================================================
Received Import Request.
  Time since last request: 10.139726 seconds.
  path: Assets/Prefabs/WorldObjects.prefab
  artifactKey: Guid(176e42e5d29031145bd841fc74b828c0) Importer(815301076,1909f56bfc062723c751e8b465ee728b)
Start importing Assets/Prefabs/WorldObjects.prefab using Guid(176e42e5d29031145bd841fc74b828c0) Importer(815301076,1909f56bfc062723c751e8b465ee728b)  -> (artifact id: 'a60042a54fbf7be01401f088888704cf') in 0.055415 seconds 
========================================================================
Received Import Request.
  Time since last request: 13.536660 seconds.
  path: Assets/Prefabs/WorldObjects.prefab
  artifactKey: Guid(176e42e5d29031145bd841fc74b828c0) Importer(815301076,1909f56bfc062723c751e8b465ee728b)
Start importing Assets/Prefabs/WorldObjects.prefab using Guid(176e42e5d29031145bd841fc74b828c0) Importer(815301076,1909f56bfc062723c751e8b465ee728b)  -> (artifact id: 'a81dbda515c4491a59c72fd861cd21b6') in 0.079969 seconds 
========================================================================
Received Import Request.
  Time since last request: 5.393325 seconds.
  path: Assets/Prefabs/WorldObjects.prefab
  artifactKey: Guid(176e42e5d29031145bd841fc74b828c0) Importer(815301076,1909f56bfc062723c751e8b465ee728b)
Start importing Assets/Prefabs/WorldObjects.prefab using Guid(176e42e5d29031145bd841fc74b828c0) Importer(815301076,1909f56bfc062723c751e8b465ee728b)  -> (artifact id: '71a4945639e01ba316d8a268ef6a7488') in 0.081969 seconds 
========================================================================
Received Import Request.
  Time since last request: 1.917089 seconds.
  path: Assets/Prefabs/WorldObjects.prefab
  artifactKey: Guid(176e42e5d29031145bd841fc74b828c0) Importer(815301076,1909f56bfc062723c751e8b465ee728b)
Start importing Assets/Prefabs/WorldObjects.prefab using Guid(176e42e5d29031145bd841fc74b828c0) Importer(815301076,1909f56bfc062723c751e8b465ee728b)  -> (artifact id: 'c4438e2c9c826753223734880beaee08') in 0.098134 seconds 
========================================================================
Received Import Request.
  Time since last request: 18.092157 seconds.
  path: Assets/Prefabs/WorldObjects.prefab
  artifactKey: Guid(176e42e5d29031145bd841fc74b828c0) Importer(815301076,1909f56bfc062723c751e8b465ee728b)
Start importing Assets/Prefabs/WorldObjects.prefab using Guid(176e42e5d29031145bd841fc74b828c0) Importer(815301076,1909f56bfc062723c751e8b465ee728b)  -> (artifact id: '8d6632bbb796b4afa2a6b55999c828b2') in 0.110618 seconds 
========================================================================
Received Import Request.
  Time since last request: 2.947051 seconds.
  path: Assets/Prefabs/WorldObjects.prefab
  artifactKey: Guid(176e42e5d29031145bd841fc74b828c0) Importer(815301076,1909f56bfc062723c751e8b465ee728b)
Start importing Assets/Prefabs/WorldObjects.prefab using Guid(176e42e5d29031145bd841fc74b828c0) Importer(815301076,1909f56bfc062723c751e8b465ee728b)  -> (artifact id: 'e9f35cb365792e53d09da7ac77ab8ece') in 0.062899 seconds 
========================================================================
Received Import Request.
  Time since last request: 4.600509 seconds.
  path: Assets/Prefabs/WorldObjects.prefab
  artifactKey: Guid(176e42e5d29031145bd841fc74b828c0) Importer(815301076,1909f56bfc062723c751e8b465ee728b)
Start importing Assets/Prefabs/WorldObjects.prefab using Guid(176e42e5d29031145bd841fc74b828c0) Importer(815301076,1909f56bfc062723c751e8b465ee728b)  -> (artifact id: 'cc2a7ad3e243aae006afafd129936ea0') in 0.079840 seconds 
========================================================================
Received Import Request.
  Time since last request: 39.314808 seconds.
  path: Assets/Prefabs/WorldObjects.prefab
  artifactKey: Guid(176e42e5d29031145bd841fc74b828c0) Importer(815301076,1909f56bfc062723c751e8b465ee728b)
Start importing Assets/Prefabs/WorldObjects.prefab using Guid(176e42e5d29031145bd841fc74b828c0) Importer(815301076,1909f56bfc062723c751e8b465ee728b)  -> (artifact id: '72697013f0e7dc27fe9849269c69bf77') in 0.082068 seconds 
========================================================================
Received Prepare
Registering precompiled user dll's ...
Registered in 0.004939 seconds.
Begin MonoManager ReloadAssembly
Native extension for LinuxStandalone target not found
Native extension for WindowsStandalone target not found
Native extension for WebGL target not found
Refreshing native plugins compatible for Editor in 0.64 ms, found 3 plugins.
Preloading 0 native plugins for Editor in 0.00 ms.
Mono: successfully reloaded assembly
- Completed reload, in  0.962 seconds
Domain Reload Profiling:
	ReloadAssembly (962ms)
		BeginReloadAssembly (129ms)
			ExecutionOrderSort (0ms)
			DisableScriptedObjects (5ms)
			BackupInstance (0ms)
			ReleaseScriptingObjects (0ms)
			CreateAndSetChildDomain (35ms)
		EndReloadAssembly (746ms)
			LoadAssemblies (69ms)
			RebuildTransferFunctionScriptingTraits (0ms)
			SetupTypeCache (205ms)
			ReleaseScriptCaches (2ms)
			RebuildScriptCaches (48ms)
			SetupLoadedEditorAssemblies (386ms)
				LogAssemblyErrors (0ms)
				InitializePlatformSupportModulesInManaged (15ms)
				SetLoadedEditorAssemblies (1ms)
				RefreshPlugins (1ms)
				BeforeProcessingInitializeOnLoad (59ms)
				ProcessInitializeOnLoadAttributes (271ms)
				ProcessInitializeOnLoadMethodAttributes (31ms)
				AfterProcessingInitializeOnLoad (8ms)
				EditorAssembliesLoaded (0ms)
			ExecutionOrderSort2 (0ms)
			AwakeInstancesAfterBackupRestoration (8ms)
Platform modules already initialized, skipping
Refreshing native plugins compatible for Editor in 0.51 ms, found 3 plugins.
Preloading 0 native plugins for Editor in 0.00 ms.
Unloading 2308 Unused Serialized files (Serialized files now loaded: 0)
Unloading 22 unused Assets / (31.8 KB). Loaded Objects now: 2786.
Memory consumption went from 108.7 MB to 108.6 MB.
Total: 3.339000 ms (FindLiveObjects: 0.228200 ms CreateObjectMapping: 0.060700 ms MarkObjects: 3.027900 ms  DeleteObjects: 0.020100 ms)

AssetImportParameters requested are different than current active one (requested -> active):
  custom:video-decoder-ogg-theora: a1e56fd34408186e4bbccfd4996cb3dc -> 
  custom:container-muxer-webm: aa71ff27fc2769a1b78a27578f13a17b -> 
  custom:container-demuxer-webm: 4f35f7cbe854078d1ac9338744f61a02 -> 
  custom:video-encoder-webm-vp8: eb34c28f22e8b96e1ab97ce403110664 -> 
  custom:video-codec-MediaFoundation-h265: 746d11721c4dcdbdad8f713fa42b33f4 -> 
  custom:audio-encoder-webm-vorbis: bf7c407c2cedff20999df2af8eb42d56 -> 
  custom:framework-win-MediaFoundation: 216162199b28c13a410421893ffa2e32 -> 
  custom:container-demuxer-ogg: 62fdf1f143b41e24485cea50d1cbac27 -> 
  custom:video-decoder-webm-vp8: 9c59270c3fd7afecdb556c50c9e8de78 -> 
  custom:audio-decoder-ogg-vorbis: bf7c407c2cedff20999df2af8eb42d56 -> 
========================================================================
Received Prepare
Registering precompiled user dll's ...
Registered in 0.003416 seconds.
Begin MonoManager ReloadAssembly
Native extension for LinuxStandalone target not found
Native extension for WindowsStandalone target not found
Native extension for WebGL target not found
Refreshing native plugins compatible for Editor in 0.53 ms, found 3 plugins.
Preloading 0 native plugins for Editor in 0.00 ms.
Mono: successfully reloaded assembly
- Completed reload, in  0.910 seconds
Domain Reload Profiling:
	ReloadAssembly (911ms)
		BeginReloadAssembly (124ms)
			ExecutionOrderSort (0ms)
			DisableScriptedObjects (6ms)
			BackupInstance (0ms)
			ReleaseScriptingObjects (0ms)
			CreateAndSetChildDomain (32ms)
		EndReloadAssembly (700ms)
			LoadAssemblies (67ms)
			RebuildTransferFunctionScriptingTraits (0ms)
			SetupTypeCache (172ms)
			ReleaseScriptCaches (1ms)
			RebuildScriptCaches (46ms)
			SetupLoadedEditorAssemblies (377ms)
				LogAssemblyErrors (0ms)
				InitializePlatformSupportModulesInManaged (14ms)
				SetLoadedEditorAssemblies (0ms)
				RefreshPlugins (1ms)
				BeforeProcessingInitializeOnLoad (57ms)
				ProcessInitializeOnLoadAttributes (270ms)
				ProcessInitializeOnLoadMethodAttributes (29ms)
				AfterProcessingInitializeOnLoad (7ms)
				EditorAssembliesLoaded (0ms)
			ExecutionOrderSort2 (0ms)
			AwakeInstancesAfterBackupRestoration (7ms)
Platform modules already initialized, skipping
Refreshing native plugins compatible for Editor in 0.51 ms, found 3 plugins.
Preloading 0 native plugins for Editor in 0.00 ms.
Unloading 2308 Unused Serialized files (Serialized files now loaded: 0)
Unloading 22 unused Assets / (31.8 KB). Loaded Objects now: 2788.
Memory consumption went from 108.7 MB to 108.6 MB.
Total: 3.257700 ms (FindLiveObjects: 0.227900 ms CreateObjectMapping: 0.058700 ms MarkObjects: 2.947800 ms  DeleteObjects: 0.022100 ms)

AssetImportParameters requested are different than current active one (requested -> active):
  custom:video-decoder-ogg-theora: a1e56fd34408186e4bbccfd4996cb3dc -> 
  custom:container-muxer-webm: aa71ff27fc2769a1b78a27578f13a17b -> 
  custom:container-demuxer-webm: 4f35f7cbe854078d1ac9338744f61a02 -> 
  custom:video-encoder-webm-vp8: eb34c28f22e8b96e1ab97ce403110664 -> 
  custom:video-codec-MediaFoundation-h265: 746d11721c4dcdbdad8f713fa42b33f4 -> 
  custom:audio-encoder-webm-vorbis: bf7c407c2cedff20999df2af8eb42d56 -> 
  custom:framework-win-MediaFoundation: 216162199b28c13a410421893ffa2e32 -> 
  custom:container-demuxer-ogg: 62fdf1f143b41e24485cea50d1cbac27 -> 
  custom:video-decoder-webm-vp8: 9c59270c3fd7afecdb556c50c9e8de78 -> 
  custom:audio-decoder-ogg-vorbis: bf7c407c2cedff20999df2af8eb42d56 -> 
========================================================================
Received Prepare
Registering precompiled user dll's ...
Registered in 0.003352 seconds.
Begin MonoManager ReloadAssembly
Native extension for LinuxStandalone target not found
Native extension for WindowsStandalone target not found
Native extension for WebGL target not found
Refreshing native plugins compatible for Editor in 0.54 ms, found 3 plugins.
Preloading 0 native plugins for Editor in 0.00 ms.
Mono: successfully reloaded assembly
- Completed reload, in  1.004 seconds
Domain Reload Profiling:
	ReloadAssembly (1005ms)
		BeginReloadAssembly (129ms)
			ExecutionOrderSort (0ms)
			DisableScriptedObjects (6ms)
			BackupInstance (0ms)
			ReleaseScriptingObjects (0ms)
			CreateAndSetChildDomain (32ms)
		EndReloadAssembly (788ms)
			LoadAssemblies (78ms)
			RebuildTransferFunctionScriptingTraits (0ms)
			SetupTypeCache (181ms)
			ReleaseScriptCaches (1ms)
			RebuildScriptCaches (47ms)
			SetupLoadedEditorAssemblies (445ms)
				LogAssemblyErrors (0ms)
				InitializePlatformSupportModulesInManaged (15ms)
				SetLoadedEditorAssemblies (0ms)
				RefreshPlugins (1ms)
				BeforeProcessingInitializeOnLoad (61ms)
				ProcessInitializeOnLoadAttributes (325ms)
				ProcessInitializeOnLoadMethodAttributes (35ms)
				AfterProcessingInitializeOnLoad (7ms)
				EditorAssembliesLoaded (0ms)
			ExecutionOrderSort2 (0ms)
			AwakeInstancesAfterBackupRestoration (8ms)
Platform modules already initialized, skipping
Refreshing native plugins compatible for Editor in 0.57 ms, found 3 plugins.
Preloading 0 native plugins for Editor in 0.00 ms.
Unloading 2308 Unused Serialized files (Serialized files now loaded: 0)
Unloading 22 unused Assets / (31.8 KB). Loaded Objects now: 2790.
Memory consumption went from 108.7 MB to 108.6 MB.
Total: 3.123800 ms (FindLiveObjects: 0.246700 ms CreateObjectMapping: 0.056800 ms MarkObjects: 2.798000 ms  DeleteObjects: 0.020900 ms)

AssetImportParameters requested are different than current active one (requested -> active):
  custom:video-decoder-ogg-theora: a1e56fd34408186e4bbccfd4996cb3dc -> 
  custom:container-muxer-webm: aa71ff27fc2769a1b78a27578f13a17b -> 
  custom:container-demuxer-webm: 4f35f7cbe854078d1ac9338744f61a02 -> 
  custom:video-encoder-webm-vp8: eb34c28f22e8b96e1ab97ce403110664 -> 
  custom:video-codec-MediaFoundation-h265: 746d11721c4dcdbdad8f713fa42b33f4 -> 
  custom:audio-encoder-webm-vorbis: bf7c407c2cedff20999df2af8eb42d56 -> 
  custom:framework-win-MediaFoundation: 216162199b28c13a410421893ffa2e32 -> 
  custom:container-demuxer-ogg: 62fdf1f143b41e24485cea50d1cbac27 -> 
  custom:video-decoder-webm-vp8: 9c59270c3fd7afecdb556c50c9e8de78 -> 
  custom:audio-decoder-ogg-vorbis: bf7c407c2cedff20999df2af8eb42d56 -> 
========================================================================
Received Import Request.
  Time since last request: 864.579757 seconds.
  path: Assets/Prefabs/House 2.prefab
  artifactKey: Guid(f295e59b9dbcd574688481a162d3ab74) Importer(815301076,1909f56bfc062723c751e8b465ee728b)
Start importing Assets/Prefabs/House 2.prefab using Guid(f295e59b9dbcd574688481a162d3ab74) Importer(815301076,1909f56bfc062723c751e8b465ee728b)  -> (artifact id: 'd4211b9daeb3a9f2b4c87df49bd08d9f') in 0.064023 seconds 
========================================================================
Received Import Request.
  Time since last request: 0.000026 seconds.
  path: Assets/Prefabs/House 3.prefab
  artifactKey: Guid(3e959c20175c54644be03051f050a8b9) Importer(815301076,1909f56bfc062723c751e8b465ee728b)
Start importing Assets/Prefabs/House 3.prefab using Guid(3e959c20175c54644be03051f050a8b9) Importer(815301076,1909f56bfc062723c751e8b465ee728b)  -> (artifact id: '0674dfe05638dae5eb417e56bd14a284') in 0.013008 seconds 
========================================================================
Received Import Request.
  Time since last request: 0.000031 seconds.
  path: Assets/Prefabs/Tree 2.prefab
  artifactKey: Guid(9a59b28a464954843b21c2760d25f5b6) Importer(815301076,1909f56bfc062723c751e8b465ee728b)
Start importing Assets/Prefabs/Tree 2.prefab using Guid(9a59b28a464954843b21c2760d25f5b6) Importer(815301076,1909f56bfc062723c751e8b465ee728b)  -> (artifact id: '216794ff8ea6ad5cd8eae0725f3f6afd') in 0.020458 seconds 
========================================================================
Received Import Request.
  Time since last request: 0.000052 seconds.
  path: Assets/Prefabs/Rocks 1.prefab
  artifactKey: Guid(973ad86e2c5a45f478941060885e8c12) Importer(815301076,1909f56bfc062723c751e8b465ee728b)
Start importing Assets/Prefabs/Rocks 1.prefab using Guid(973ad86e2c5a45f478941060885e8c12) Importer(815301076,1909f56bfc062723c751e8b465ee728b)  -> (artifact id: 'a2b88ecb0a6c0b32a10b87aeedfa2b23') in 0.021015 seconds 
========================================================================
Received Import Request.
  Time since last request: 0.000036 seconds.
  path: Assets/Prefabs/Tree 4.prefab
  artifactKey: Guid(a6aa28e29027a7b408774271f6230cdd) Importer(815301076,1909f56bfc062723c751e8b465ee728b)
Start importing Assets/Prefabs/Tree 4.prefab using Guid(a6aa28e29027a7b408774271f6230cdd) Importer(815301076,1909f56bfc062723c751e8b465ee728b)  -> (artifact id: '1351a857c336ca77a1f36d1bc30e4d99') in 0.017156 seconds 
========================================================================
Received Import Request.
  Time since last request: 0.000029 seconds.
  path: Assets/Prefabs/Tree 1.prefab
  artifactKey: Guid(07d18a14d568d8c45b3b09483afb4939) Importer(815301076,1909f56bfc062723c751e8b465ee728b)
Start importing Assets/Prefabs/Tree 1.prefab using Guid(07d18a14d568d8c45b3b09483afb4939) Importer(815301076,1909f56bfc062723c751e8b465ee728b)  -> (artifact id: '56703eefdde4d2cfd78d5b9ce4caec71') in 0.016699 seconds 
========================================================================
Received Import Request.
  Time since last request: 13.122994 seconds.
  path: Assets/Prefabs/Rocks 1.prefab
  artifactKey: Guid(973ad86e2c5a45f478941060885e8c12) Importer(815301076,1909f56bfc062723c751e8b465ee728b)
Start importing Assets/Prefabs/Rocks 1.prefab using Guid(973ad86e2c5a45f478941060885e8c12) Importer(815301076,1909f56bfc062723c751e8b465ee728b)  -> (artifact id: '9e85edc70e773d5c287688ffd0b09649') in 0.022128 seconds 
========================================================================
Received Import Request.
  Time since last request: 0.000030 seconds.
  path: Assets/Prefabs/Tree 3.prefab
  artifactKey: Guid(978fb7f16e788ba4dbfb54004fa26c93) Importer(815301076,1909f56bfc062723c751e8b465ee728b)
Start importing Assets/Prefabs/Tree 3.prefab using Guid(978fb7f16e788ba4dbfb54004fa26c93) Importer(815301076,1909f56bfc062723c751e8b465ee728b)  -> (artifact id: 'b51efc82dfbe10197061634730ccdbd8') in 0.012667 seconds 
========================================================================
Received Import Request.
  Time since last request: 0.000021 seconds.
  path: Assets/Prefabs/WorldObjects.prefab
  artifactKey: Guid(176e42e5d29031145bd841fc74b828c0) Importer(815301076,1909f56bfc062723c751e8b465ee728b)
Start importing Assets/Prefabs/WorldObjects.prefab using Guid(176e42e5d29031145bd841fc74b828c0) Importer(815301076,1909f56bfc062723c751e8b465ee728b)  -> (artifact id: 'dcd33380e51f1c6118c78a316d85e9ba') in 0.075256 seconds 
========================================================================
Received Prepare
Registering precompiled user dll's ...
Registered in 0.003598 seconds.
Begin MonoManager ReloadAssembly
Native extension for LinuxStandalone target not found
Native extension for WindowsStandalone target not found
Native extension for WebGL target not found
Refreshing native plugins compatible for Editor in 0.67 ms, found 3 plugins.
Preloading 0 native plugins for Editor in 0.00 ms.
Mono: successfully reloaded assembly
- Completed reload, in  1.051 seconds
Domain Reload Profiling:
	ReloadAssembly (1052ms)
		BeginReloadAssembly (148ms)
			ExecutionOrderSort (0ms)
			DisableScriptedObjects (6ms)
			BackupInstance (0ms)
			ReleaseScriptingObjects (0ms)
			CreateAndSetChildDomain (40ms)
		EndReloadAssembly (813ms)
			LoadAssemblies (85ms)
			RebuildTransferFunctionScriptingTraits (0ms)
			SetupTypeCache (181ms)
			ReleaseScriptCaches (2ms)
			RebuildScriptCaches (52ms)
			SetupLoadedEditorAssemblies (459ms)
				LogAssemblyErrors (0ms)
				InitializePlatformSupportModulesInManaged (17ms)
				SetLoadedEditorAssemblies (1ms)
				RefreshPlugins (1ms)
				BeforeProcessingInitializeOnLoad (62ms)
				ProcessInitializeOnLoadAttributes (340ms)
				ProcessInitializeOnLoadMethodAttributes (31ms)
				AfterProcessingInitializeOnLoad (8ms)
				EditorAssembliesLoaded (0ms)
			ExecutionOrderSort2 (0ms)
			AwakeInstancesAfterBackupRestoration (7ms)
Platform modules already initialized, skipping
Refreshing native plugins compatible for Editor in 0.64 ms, found 3 plugins.
Preloading 0 native plugins for Editor in 0.00 ms.
Unloading 2308 Unused Serialized files (Serialized files now loaded: 0)
Unloading 22 unused Assets / (31.8 KB). Loaded Objects now: 2792.
Memory consumption went from 108.7 MB to 108.6 MB.
Total: 5.210600 ms (FindLiveObjects: 0.277900 ms CreateObjectMapping: 0.087700 ms MarkObjects: 4.814100 ms  DeleteObjects: 0.028000 ms)

AssetImportParameters requested are different than current active one (requested -> active):
  custom:video-decoder-ogg-theora: a1e56fd34408186e4bbccfd4996cb3dc -> 
  custom:container-muxer-webm: aa71ff27fc2769a1b78a27578f13a17b -> 
  custom:container-demuxer-webm: 4f35f7cbe854078d1ac9338744f61a02 -> 
  custom:video-encoder-webm-vp8: eb34c28f22e8b96e1ab97ce403110664 -> 
  custom:video-codec-MediaFoundation-h265: 746d11721c4dcdbdad8f713fa42b33f4 -> 
  custom:audio-encoder-webm-vorbis: bf7c407c2cedff20999df2af8eb42d56 -> 
  custom:framework-win-MediaFoundation: 216162199b28c13a410421893ffa2e32 -> 
  custom:container-demuxer-ogg: 62fdf1f143b41e24485cea50d1cbac27 -> 
  custom:video-decoder-webm-vp8: 9c59270c3fd7afecdb556c50c9e8de78 -> 
  custom:audio-decoder-ogg-vorbis: bf7c407c2cedff20999df2af8eb42d56 -> 
========================================================================
Received Import Request.
  Time since last request: 109.849943 seconds.
  path: Assets/Prefabs/House 2.prefab
  artifactKey: Guid(f295e59b9dbcd574688481a162d3ab74) Importer(815301076,1909f56bfc062723c751e8b465ee728b)
Start importing Assets/Prefabs/House 2.prefab using Guid(f295e59b9dbcd574688481a162d3ab74) Importer(815301076,1909f56bfc062723c751e8b465ee728b)  -> (artifact id: '880b57c00e0e93e3019c80f1364af162') in 0.058413 seconds 
========================================================================
Received Import Request.
  Time since last request: 0.000031 seconds.
  path: Assets/Prefabs/Tree 3.prefab
  artifactKey: Guid(978fb7f16e788ba4dbfb54004fa26c93) Importer(815301076,1909f56bfc062723c751e8b465ee728b)
Start importing Assets/Prefabs/Tree 3.prefab using Guid(978fb7f16e788ba4dbfb54004fa26c93) Importer(815301076,1909f56bfc062723c751e8b465ee728b)  -> (artifact id: '3038db737763cfc90542365a97d47f11') in 0.054771 seconds 
========================================================================
Received Import Request.
  Time since last request: 0.000042 seconds.
  path: Assets/Prefabs/WorldObjects.prefab
  artifactKey: Guid(176e42e5d29031145bd841fc74b828c0) Importer(815301076,1909f56bfc062723c751e8b465ee728b)
Start importing Assets/Prefabs/WorldObjects.prefab using Guid(176e42e5d29031145bd841fc74b828c0) Importer(815301076,1909f56bfc062723c751e8b465ee728b)  -> (artifact id: 'c8099fafe264cc1eedb1d0fdbc38d172') in 0.065539 seconds 
Editor requested this worker to shutdown with reason: Scaling down because of idle timeout
AssetImportWorker is now disconnected from the server
Process exiting
Exiting without the bug reporter. Application will terminate with return code 0