Using pre-set license
Built from '2021.2/staging' branch; Version is '2021.2.7f1 (6bd9e232123f) revision 7068130'; Using compiler version '192829333'; Build Type 'Release'
OS: 'Windows 10  (10.0.19043) 64bit Core' Language: 'en' Physical Memory: 15741 MB
BatchMode: 1, IsHumanControllingUs: 0, StartBugReporterOnCrash: 0, Is64bit: 1, IsPro: 0

COMMAND LINE ARGUMENTS:
C:\Program Files\Unity\2021.2.7f1\Editor\Unity.exe
-adb2
-batchMode
-noUpm
-name
AssetImportWorker2
-projectPath
D:/Repos/Unity2D/Delivery Driver
-logFile
Logs/AssetImportWorker2.log
-srvPort
50553
Successfully changed project path to: D:/Repos/Unity2D/Delivery Driver
D:/Repos/Unity2D/Delivery Driver
[UnityMemory] Configuration Parameters - Can be set up in boot.config
    "memorysetup-bucket-allocator-granularity=16"
    "memorysetup-bucket-allocator-bucket-count=8"
    "memorysetup-bucket-allocator-block-size=33554432"
    "memorysetup-bucket-allocator-block-count=8"
    "memorysetup-main-allocator-block-size=16777216"
    "memorysetup-thread-allocator-block-size=16777216"
    "memorysetup-gfx-main-allocator-block-size=16777216"
    "memorysetup-gfx-thread-allocator-block-size=16777216"
    "memorysetup-cache-allocator-block-size=4194304"
    "memorysetup-typetree-allocator-block-size=2097152"
    "memorysetup-profiler-bucket-allocator-granularity=16"
    "memorysetup-profiler-bucket-allocator-bucket-count=8"
    "memorysetup-profiler-bucket-allocator-block-size=33554432"
    "memorysetup-profiler-bucket-allocator-block-count=8"
    "memorysetup-profiler-allocator-block-size=16777216"
    "memorysetup-profiler-editor-allocator-block-size=1048576"
    "memorysetup-temp-allocator-size-main=16777216"
    "memorysetup-job-temp-allocator-block-size=2097152"
    "memorysetup-job-temp-allocator-block-size-background=1048576"
    "memorysetup-job-temp-allocator-reduction-small-platforms=262144"
    "memorysetup-temp-allocator-size-background-worker=32768"
    "memorysetup-temp-allocator-size-job-worker=262144"
    "memorysetup-temp-allocator-size-preload-manager=33554432"
    "memorysetup-temp-allocator-size-nav-mesh-worker=65536"
    "memorysetup-temp-allocator-size-audio-worker=65536"
    "memorysetup-temp-allocator-size-cloud-worker=32768"
    "memorysetup-temp-allocator-size-gi-baking-worker=262144"
    "memorysetup-temp-allocator-size-gfx=262144"
Refreshing native plugins compatible for Editor in 50.80 ms, found 3 plugins.
Preloading 0 native plugins for Editor in 0.00 ms.
Initialize engine version: 2021.2.7f1 (6bd9e232123f)
[Subsystems] Discovering subsystems at path C:/Program Files/Unity/2021.2.7f1/Editor/Data/Resources/UnitySubsystems
[Subsystems] Discovering subsystems at path D:/Repos/Unity2D/Delivery Driver/Assets
GfxDevice: creating device client; threaded=0; jobified=0
Direct3D:
    Version:  Direct3D 11.0 [level 11.1]
    Renderer: NVIDIA GeForce RTX 2060 (ID=0x1f15)
    Vendor:   NVIDIA
    VRAM:     5980 MB
    Driver:   27.21.14.5749
Initialize mono
Mono path[0] = 'C:/Program Files/Unity/2021.2.7f1/Editor/Data/Managed'
Mono path[1] = 'C:/Program Files/Unity/2021.2.7f1/Editor/Data/MonoBleedingEdge/lib/mono/unityjit-win32'
Mono config path = 'C:/Program Files/Unity/2021.2.7f1/Editor/Data/MonoBleedingEdge/etc'
Using monoOptions --debugger-agent=transport=dt_socket,embedding=1,server=y,suspend=n,address=127.0.0.1:56556
Begin MonoManager ReloadAssembly
Registering precompiled unity dll's ...
Register platform support module: C:/Program Files/Unity/2021.2.7f1/Editor/Data/PlaybackEngines/WebGLSupport/UnityEditor.WebGL.Extensions.dll
Register platform support module: C:/Program Files/Unity/2021.2.7f1/Editor/Data/PlaybackEngines/WindowsStandaloneSupport/UnityEditor.WindowsStandalone.Extensions.dll
Register platform support module: C:/Program Files/Unity/2021.2.7f1/Editor/Data/PlaybackEngines/LinuxStandaloneSupport/UnityEditor.LinuxStandalone.Extensions.dll
Registered in 0.007751 seconds.
Native extension for LinuxStandalone target not found
Native extension for WindowsStandalone target not found
Native extension for WebGL target not found
Refreshing native plugins compatible for Editor in 35.94 ms, found 3 plugins.
Preloading 0 native plugins for Editor in 0.00 ms.
Mono: successfully reloaded assembly
- Completed reload, in  0.539 seconds
Domain Reload Profiling:
	ReloadAssembly (540ms)
		BeginReloadAssembly (79ms)
			ExecutionOrderSort (0ms)
			DisableScriptedObjects (0ms)
			BackupInstance (0ms)
			ReleaseScriptingObjects (0ms)
			CreateAndSetChildDomain (1ms)
		EndReloadAssembly (380ms)
			LoadAssemblies (76ms)
			RebuildTransferFunctionScriptingTraits (0ms)
			SetupTypeCache (99ms)
			ReleaseScriptCaches (0ms)
			RebuildScriptCaches (22ms)
			SetupLoadedEditorAssemblies (213ms)
				LogAssemblyErrors (0ms)
				InitializePlatformSupportModulesInManaged (17ms)
				SetLoadedEditorAssemblies (0ms)
				RefreshPlugins (36ms)
				BeforeProcessingInitializeOnLoad (1ms)
				ProcessInitializeOnLoadAttributes (121ms)
				ProcessInitializeOnLoadMethodAttributes (38ms)
				AfterProcessingInitializeOnLoad (0ms)
				EditorAssembliesLoaded (0ms)
			ExecutionOrderSort2 (0ms)
			AwakeInstancesAfterBackupRestoration (0ms)
Platform modules already initialized, skipping
Registering precompiled user dll's ...
Registered in 0.003669 seconds.
Begin MonoManager ReloadAssembly
Native extension for LinuxStandalone target not found
Native extension for WindowsStandalone target not found
Native extension for WebGL target not found
Refreshing native plugins compatible for Editor in 35.20 ms, found 3 plugins.
Preloading 0 native plugins for Editor in 0.00 ms.
Mono: successfully reloaded assembly
- Completed reload, in  1.039 seconds
Domain Reload Profiling:
	ReloadAssembly (1039ms)
		BeginReloadAssembly (106ms)
			ExecutionOrderSort (0ms)
			DisableScriptedObjects (4ms)
			BackupInstance (0ms)
			ReleaseScriptingObjects (0ms)
			CreateAndSetChildDomain (24ms)
		EndReloadAssembly (848ms)
			LoadAssemblies (69ms)
			RebuildTransferFunctionScriptingTraits (0ms)
			SetupTypeCache (182ms)
			ReleaseScriptCaches (0ms)
			RebuildScriptCaches (42ms)
			SetupLoadedEditorAssemblies (522ms)
				LogAssemblyErrors (0ms)
				InitializePlatformSupportModulesInManaged (13ms)
				SetLoadedEditorAssemblies (0ms)
				RefreshPlugins (35ms)
				BeforeProcessingInitializeOnLoad (58ms)
				ProcessInitializeOnLoadAttributes (374ms)
				ProcessInitializeOnLoadMethodAttributes (34ms)
				AfterProcessingInitializeOnLoad (7ms)
				EditorAssembliesLoaded (0ms)
			ExecutionOrderSort2 (0ms)
			AwakeInstancesAfterBackupRestoration (5ms)
Platform modules already initialized, skipping
========================================================================
Worker process is ready to serve import requests
Launched and connected shader compiler UnityShaderCompiler.exe after 0.06 seconds
Refreshing native plugins compatible for Editor in 0.56 ms, found 3 plugins.
Preloading 0 native plugins for Editor in 0.00 ms.
Unloading 2317 Unused Serialized files (Serialized files now loaded: 0)
Unloading 33 unused Assets / (56.0 KB). Loaded Objects now: 2776.
Memory consumption went from 105.1 MB to 105.1 MB.
Total: 3.930900 ms (FindLiveObjects: 0.450000 ms CreateObjectMapping: 0.147200 ms MarkObjects: 3.246100 ms  DeleteObjects: 0.084900 ms)

AssetImportParameters requested are different than current active one (requested -> active):
  custom:video-decoder-ogg-theora: a1e56fd34408186e4bbccfd4996cb3dc -> 
  custom:container-muxer-webm: aa71ff27fc2769a1b78a27578f13a17b -> 
  custom:container-demuxer-webm: 4f35f7cbe854078d1ac9338744f61a02 -> 
  custom:video-encoder-webm-vp8: eb34c28f22e8b96e1ab97ce403110664 -> 
  custom:video-codec-MediaFoundation-h265: 746d11721c4dcdbdad8f713fa42b33f4 -> 
  custom:audio-encoder-webm-vorbis: bf7c407c2cedff20999df2af8eb42d56 -> 
  custom:framework-win-MediaFoundation: 216162199b28c13a410421893ffa2e32 -> 
  custom:container-demuxer-ogg: 62fdf1f143b41e24485cea50d1cbac27 -> 
  custom:video-decoder-webm-vp8: 9c59270c3fd7afecdb556c50c9e8de78 -> 
  custom:audio-decoder-ogg-vorbis: bf7c407c2cedff20999df2af8eb42d56 -> 
========================================================================
Received Import Request.
  Time since last request: 1806288.649275 seconds.
  path: Assets/Delivery Driver Assets/House 1.png
  artifactKey: Guid(ae3b29fa9e4ec1a4cb9a5bec914891f7) Importer(815301076,1909f56bfc062723c751e8b465ee728b)
Start importing Assets/Delivery Driver Assets/House 1.png using Guid(ae3b29fa9e4ec1a4cb9a5bec914891f7) Importer(815301076,1909f56bfc062723c751e8b465ee728b)  -> (artifact id: 'b6f946146439dba0b5e4c5610aef76e4') in 0.104413 seconds 
========================================================================
Received Import Request.
  Time since last request: 8.314048 seconds.
  path: Assets/Delivery Driver Assets/House 2.png
  artifactKey: Guid(eddbff694880ba44a90ef800f70264f8) Importer(815301076,1909f56bfc062723c751e8b465ee728b)
Start importing Assets/Delivery Driver Assets/House 2.png using Guid(eddbff694880ba44a90ef800f70264f8) Importer(815301076,1909f56bfc062723c751e8b465ee728b)  -> (artifact id: 'fb60bda5637379a14dec73d8aeaeb5be') in 0.013497 seconds 
========================================================================
Received Import Request.
  Time since last request: 11.917468 seconds.
  path: Assets/Delivery Driver Assets/House 3.png
  artifactKey: Guid(5ccde6b7eff7e414cb2fe7ae981340d2) Importer(815301076,1909f56bfc062723c751e8b465ee728b)
Start importing Assets/Delivery Driver Assets/House 3.png using Guid(5ccde6b7eff7e414cb2fe7ae981340d2) Importer(815301076,1909f56bfc062723c751e8b465ee728b)  -> (artifact id: '3009a26fe2abbc86ddd8129c95f971b6') in 0.015808 seconds 
========================================================================
Received Import Request.
  Time since last request: 107.857654 seconds.
  path: Assets/Delivery Driver Assets/Rocks 1.png
  artifactKey: Guid(b9d7b7765a390804fb489baaca6ab2fe) Importer(815301076,1909f56bfc062723c751e8b465ee728b)
Start importing Assets/Delivery Driver Assets/Rocks 1.png using Guid(b9d7b7765a390804fb489baaca6ab2fe) Importer(815301076,1909f56bfc062723c751e8b465ee728b)  -> (artifact id: '9962a425cb714ebdd1a267dc8ef88414') in 0.027734 seconds 
========================================================================
Received Import Request.
  Time since last request: 10.055286 seconds.
  path: Assets/Delivery Driver Assets/Rocks 1.png
  artifactKey: Guid(b9d7b7765a390804fb489baaca6ab2fe) Importer(815301076,1909f56bfc062723c751e8b465ee728b)
Start importing Assets/Delivery Driver Assets/Rocks 1.png using Guid(b9d7b7765a390804fb489baaca6ab2fe) Importer(815301076,1909f56bfc062723c751e8b465ee728b)  -> (artifact id: 'cb969ece0977a0803a21f85a05ea1d29') in 0.021195 seconds 
========================================================================
Received Import Request.
  Time since last request: 31.842857 seconds.
  path: Assets/Delivery Driver Assets/Tree 1.png
  artifactKey: Guid(9a0297c8876e9f240b501c39153c8c08) Importer(815301076,1909f56bfc062723c751e8b465ee728b)
Start importing Assets/Delivery Driver Assets/Tree 1.png using Guid(9a0297c8876e9f240b501c39153c8c08) Importer(815301076,1909f56bfc062723c751e8b465ee728b)  -> (artifact id: 'eebaf7af0981472a734250985fa9f67f') in 0.016360 seconds 
========================================================================
Received Import Request.
  Time since last request: 24.100682 seconds.
  path: Assets/Delivery Driver Assets/Tree 2.png
  artifactKey: Guid(67fcdc7f00833d648a573e765f05e66f) Importer(815301076,1909f56bfc062723c751e8b465ee728b)
Start importing Assets/Delivery Driver Assets/Tree 2.png using Guid(67fcdc7f00833d648a573e765f05e66f) Importer(815301076,1909f56bfc062723c751e8b465ee728b)  -> (artifact id: 'bc05155b262272e947248286793e19d6') in 0.015668 seconds 
========================================================================
Received Import Request.
  Time since last request: 4.781753 seconds.
  path: Assets/Delivery Driver Assets/Tree 2.png
  artifactKey: Guid(67fcdc7f00833d648a573e765f05e66f) Importer(815301076,1909f56bfc062723c751e8b465ee728b)
Start importing Assets/Delivery Driver Assets/Tree 2.png using Guid(67fcdc7f00833d648a573e765f05e66f) Importer(815301076,1909f56bfc062723c751e8b465ee728b)  -> (artifact id: '83006a2a47a70798193f9acfc609eaeb') in 0.020038 seconds 
========================================================================
Received Import Request.
  Time since last request: 14.196839 seconds.
  path: Assets/Delivery Driver Assets/Tree 3.png
  artifactKey: Guid(5a3e07c5888640c45934181aa2163bba) Importer(815301076,1909f56bfc062723c751e8b465ee728b)
Start importing Assets/Delivery Driver Assets/Tree 3.png using Guid(5a3e07c5888640c45934181aa2163bba) Importer(815301076,1909f56bfc062723c751e8b465ee728b)  -> (artifact id: '9ce32e843f360d12b63ac2ff8c1adf5a') in 0.017803 seconds 
========================================================================
Received Import Request.
  Time since last request: 5.498128 seconds.
  path: Assets/Delivery Driver Assets/Tree 3.png
  artifactKey: Guid(5a3e07c5888640c45934181aa2163bba) Importer(815301076,1909f56bfc062723c751e8b465ee728b)
Start importing Assets/Delivery Driver Assets/Tree 3.png using Guid(5a3e07c5888640c45934181aa2163bba) Importer(815301076,1909f56bfc062723c751e8b465ee728b)  -> (artifact id: '70a9f853ce90d3ff56264f18288b501a') in 0.022338 seconds 
========================================================================
Received Import Request.
  Time since last request: 12.543785 seconds.
  path: Assets/Delivery Driver Assets/Tree 4.png
  artifactKey: Guid(cb875a62418e47b428e0de0b63bb2eb6) Importer(815301076,1909f56bfc062723c751e8b465ee728b)
Start importing Assets/Delivery Driver Assets/Tree 4.png using Guid(cb875a62418e47b428e0de0b63bb2eb6) Importer(815301076,1909f56bfc062723c751e8b465ee728b)  -> (artifact id: '7f2b754450a3d3ad31954f421e79b6f6') in 0.017346 seconds 
========================================================================
Received Import Request.
  Time since last request: 53354.105259 seconds.
  path: Assets/Prefabs
  artifactKey: Guid(2cdbd54c260bab149b214c9a8e1973ee) Importer(815301076,1909f56bfc062723c751e8b465ee728b)
Start importing Assets/Prefabs using Guid(2cdbd54c260bab149b214c9a8e1973ee) Importer(815301076,1909f56bfc062723c751e8b465ee728b)  -> (artifact id: '6c0b63bd361de422379eb2dfce839ae6') in 0.017328 seconds 
========================================================================
Received Import Request.
  Time since last request: 13.435546 seconds.
  path: Assets/Prefabs/Bridge.prefab
  artifactKey: Guid(6a5c53068fbeb5e4188992f9778b2bb1) Importer(815301076,1909f56bfc062723c751e8b465ee728b)
Start importing Assets/Prefabs/Bridge.prefab using Guid(6a5c53068fbeb5e4188992f9778b2bb1) Importer(815301076,1909f56bfc062723c751e8b465ee728b)  -> (artifact id: '97f386e302f79cf682a6080b080f8aca') in 0.174819 seconds 
========================================================================
Received Import Request.
  Time since last request: 0.000027 seconds.
  path: Assets/Prefabs/Road 3.prefab
  artifactKey: Guid(e14bf0c1950ae034cbef3186a6cb5aa5) Importer(815301076,1909f56bfc062723c751e8b465ee728b)
Start importing Assets/Prefabs/Road 3.prefab using Guid(e14bf0c1950ae034cbef3186a6cb5aa5) Importer(815301076,1909f56bfc062723c751e8b465ee728b)  -> (artifact id: '12a0eefa30701b0a67730e6954250719') in 0.019946 seconds 
========================================================================
Received Import Request.
  Time since last request: 0.000036 seconds.
  path: Assets/Prefabs/Tree 3.prefab
  artifactKey: Guid(978fb7f16e788ba4dbfb54004fa26c93) Importer(815301076,1909f56bfc062723c751e8b465ee728b)
Start importing Assets/Prefabs/Tree 3.prefab using Guid(978fb7f16e788ba4dbfb54004fa26c93) Importer(815301076,1909f56bfc062723c751e8b465ee728b)  -> (artifact id: 'feb59cc95f29ce9dc1ba7d0603fcff86') in 0.032671 seconds 
========================================================================
Received Import Request.
  Time since last request: 0.000026 seconds.
  path: Assets/Prefabs/Corner 3.prefab
  artifactKey: Guid(c819e70095f6ea84e9d26523bee313e9) Importer(815301076,1909f56bfc062723c751e8b465ee728b)
Start importing Assets/Prefabs/Corner 3.prefab using Guid(c819e70095f6ea84e9d26523bee313e9) Importer(815301076,1909f56bfc062723c751e8b465ee728b)  -> (artifact id: '48ce0550007d360b3595f6c226058bf6') in 0.013252 seconds 
========================================================================
Received Import Request.
  Time since last request: 0.000049 seconds.
  path: Assets/Prefabs/House 1.prefab
  artifactKey: Guid(c7c7736e22a01554ba64487960f9a54e) Importer(815301076,1909f56bfc062723c751e8b465ee728b)
Start importing Assets/Prefabs/House 1.prefab using Guid(c7c7736e22a01554ba64487960f9a54e) Importer(815301076,1909f56bfc062723c751e8b465ee728b)  -> (artifact id: '66915cc748c7167e7683bf759ce8e19f') in 0.014495 seconds 
========================================================================
Received Import Request.
  Time since last request: 0.000028 seconds.
  path: Assets/Prefabs/Corner 4.prefab
  artifactKey: Guid(a52750f06f2a2544b82905628b91bafb) Importer(815301076,1909f56bfc062723c751e8b465ee728b)
Start importing Assets/Prefabs/Corner 4.prefab using Guid(a52750f06f2a2544b82905628b91bafb) Importer(815301076,1909f56bfc062723c751e8b465ee728b)  -> (artifact id: 'd94b0c2a35c4d9a775066da5b60f15a7') in 0.017090 seconds 
========================================================================
Received Import Request.
  Time since last request: 0.000026 seconds.
  path: Assets/Prefabs/Road 2.prefab
  artifactKey: Guid(02ac850c53f9a4843b39ee3107faa102) Importer(815301076,1909f56bfc062723c751e8b465ee728b)
Start importing Assets/Prefabs/Road 2.prefab using Guid(02ac850c53f9a4843b39ee3107faa102) Importer(815301076,1909f56bfc062723c751e8b465ee728b)  -> (artifact id: '6bd683f5a4e15b1acea6d70a976323dd') in 0.020655 seconds 
========================================================================
Received Import Request.
  Time since last request: 0.000028 seconds.
  path: Assets/Prefabs/House 2.prefab
  artifactKey: Guid(f295e59b9dbcd574688481a162d3ab74) Importer(815301076,1909f56bfc062723c751e8b465ee728b)
Start importing Assets/Prefabs/House 2.prefab using Guid(f295e59b9dbcd574688481a162d3ab74) Importer(815301076,1909f56bfc062723c751e8b465ee728b)  -> (artifact id: '49268908c8678904dcc51784dd5aa404') in 0.017367 seconds 
========================================================================
Received Import Request.
  Time since last request: 0.000050 seconds.
  path: Assets/Prefabs/House 3.prefab
  artifactKey: Guid(3e959c20175c54644be03051f050a8b9) Importer(815301076,1909f56bfc062723c751e8b465ee728b)
Start importing Assets/Prefabs/House 3.prefab using Guid(3e959c20175c54644be03051f050a8b9) Importer(815301076,1909f56bfc062723c751e8b465ee728b)  -> (artifact id: 'a25b31600fc4e0b355ef12d532d2a388') in 0.019335 seconds 
========================================================================
Received Import Request.
  Time since last request: 0.000038 seconds.
  path: Assets/Prefabs/Tree 2.prefab
  artifactKey: Guid(9a59b28a464954843b21c2760d25f5b6) Importer(815301076,1909f56bfc062723c751e8b465ee728b)
Start importing Assets/Prefabs/Tree 2.prefab using Guid(9a59b28a464954843b21c2760d25f5b6) Importer(815301076,1909f56bfc062723c751e8b465ee728b)  -> (artifact id: 'e2b6c680905a049e6bbe37e344f1f458') in 0.019117 seconds 
========================================================================
Received Import Request.
  Time since last request: 0.000031 seconds.
  path: Assets/Prefabs/Intersection 2.prefab
  artifactKey: Guid(91e10f24cb2055a47acacc9948254268) Importer(815301076,1909f56bfc062723c751e8b465ee728b)
Start importing Assets/Prefabs/Intersection 2.prefab using Guid(91e10f24cb2055a47acacc9948254268) Importer(815301076,1909f56bfc062723c751e8b465ee728b)  -> (artifact id: '162a8a8ef9124ed72fcd25ca9753e33a') in 0.031960 seconds 
========================================================================
Received Import Request.
  Time since last request: 0.000030 seconds.
  path: Assets/Prefabs/Corner 2.prefab
  artifactKey: Guid(0dd4660bcd0b0004688b1314eb626f0a) Importer(815301076,1909f56bfc062723c751e8b465ee728b)
Start importing Assets/Prefabs/Corner 2.prefab using Guid(0dd4660bcd0b0004688b1314eb626f0a) Importer(815301076,1909f56bfc062723c751e8b465ee728b)  -> (artifact id: '2c46f835e5ed3b559a480ab02edd748d') in 0.013659 seconds 
========================================================================
Received Import Request.
  Time since last request: 0.000040 seconds.
  path: Assets/Prefabs/Tree 4.prefab
  artifactKey: Guid(a6aa28e29027a7b408774271f6230cdd) Importer(815301076,1909f56bfc062723c751e8b465ee728b)
Start importing Assets/Prefabs/Tree 4.prefab using Guid(a6aa28e29027a7b408774271f6230cdd) Importer(815301076,1909f56bfc062723c751e8b465ee728b)  -> (artifact id: '416643128884e012c6b2b77c7872014e') in 0.013767 seconds 
========================================================================
Received Import Request.
  Time since last request: 0.000023 seconds.
  path: Assets/Prefabs/Curve 2.prefab
  artifactKey: Guid(77194d6f1dea4a74f8ccf97923116e44) Importer(815301076,1909f56bfc062723c751e8b465ee728b)
Start importing Assets/Prefabs/Curve 2.prefab using Guid(77194d6f1dea4a74f8ccf97923116e44) Importer(815301076,1909f56bfc062723c751e8b465ee728b)  -> (artifact id: '2c753240d6460f95a9308c01a49e6481') in 0.020112 seconds 
========================================================================
Received Import Request.
  Time since last request: 0.000021 seconds.
  path: Assets/Prefabs/Car 3.prefab
  artifactKey: Guid(76d11d47700ca924792b80db251e07ab) Importer(815301076,1909f56bfc062723c751e8b465ee728b)
Start importing Assets/Prefabs/Car 3.prefab using Guid(76d11d47700ca924792b80db251e07ab) Importer(815301076,1909f56bfc062723c751e8b465ee728b)  -> (artifact id: '967d5ab7f7018ac5979391da2faa83a1') in 0.015428 seconds 
========================================================================
Received Import Request.
  Time since last request: 16.278458 seconds.
  path: Assets/Prefabs/Car 1.prefab
  artifactKey: Guid(e413cc680b37eee45ac934ebcb24dce2) Importer(815301076,1909f56bfc062723c751e8b465ee728b)
Start importing Assets/Prefabs/Car 1.prefab using Guid(e413cc680b37eee45ac934ebcb24dce2) Importer(815301076,1909f56bfc062723c751e8b465ee728b)  -> (artifact id: '3abc0ff2402250ade3e56f680e9be7c4') in 0.026096 seconds 
========================================================================
Received Import Request.
  Time since last request: 17.955042 seconds.
  path: Assets/Prefabs/Car 2.prefab
  artifactKey: Guid(70aac0cbb283b3e43a5661cb8b960576) Importer(815301076,1909f56bfc062723c751e8b465ee728b)
Start importing Assets/Prefabs/Car 2.prefab using Guid(70aac0cbb283b3e43a5661cb8b960576) Importer(815301076,1909f56bfc062723c751e8b465ee728b)  -> (artifact id: '442e0343afc24be295fc168de14dc105') in 0.028523 seconds 
========================================================================
Received Import Request.
  Time since last request: 0.000041 seconds.
  path: Assets/Prefabs/Road 3.prefab
  artifactKey: Guid(e14bf0c1950ae034cbef3186a6cb5aa5) Importer(815301076,1909f56bfc062723c751e8b465ee728b)
Start importing Assets/Prefabs/Road 3.prefab using Guid(e14bf0c1950ae034cbef3186a6cb5aa5) Importer(815301076,1909f56bfc062723c751e8b465ee728b)  -> (artifact id: 'e703cf1a8e408c53432e7afc1693015f') in 0.022245 seconds 
========================================================================
Received Import Request.
  Time since last request: 0.000026 seconds.
  path: Assets/Prefabs/Corner 3.prefab
  artifactKey: Guid(c819e70095f6ea84e9d26523bee313e9) Importer(815301076,1909f56bfc062723c751e8b465ee728b)
Start importing Assets/Prefabs/Corner 3.prefab using Guid(c819e70095f6ea84e9d26523bee313e9) Importer(815301076,1909f56bfc062723c751e8b465ee728b)  -> (artifact id: 'f354048951ed9a4a995f5b76699493e5') in 0.021424 seconds 
========================================================================
Received Import Request.
  Time since last request: 0.000024 seconds.
  path: Assets/Prefabs/House 1.prefab
  artifactKey: Guid(c7c7736e22a01554ba64487960f9a54e) Importer(815301076,1909f56bfc062723c751e8b465ee728b)
Start importing Assets/Prefabs/House 1.prefab using Guid(c7c7736e22a01554ba64487960f9a54e) Importer(815301076,1909f56bfc062723c751e8b465ee728b)  -> (artifact id: 'cef5bbb136eeccfd7113549b25c09726') in 0.013503 seconds 
========================================================================
Received Import Request.
  Time since last request: 0.000030 seconds.
  path: Assets/Prefabs/Road 2.prefab
  artifactKey: Guid(02ac850c53f9a4843b39ee3107faa102) Importer(815301076,1909f56bfc062723c751e8b465ee728b)
Start importing Assets/Prefabs/Road 2.prefab using Guid(02ac850c53f9a4843b39ee3107faa102) Importer(815301076,1909f56bfc062723c751e8b465ee728b)  -> (artifact id: 'ef6aa3512c4d535f8cab00655ae7c7c8') in 0.014373 seconds 
========================================================================
Received Import Request.
  Time since last request: 0.000022 seconds.
  path: Assets/Prefabs/House 2.prefab
  artifactKey: Guid(f295e59b9dbcd574688481a162d3ab74) Importer(815301076,1909f56bfc062723c751e8b465ee728b)
Start importing Assets/Prefabs/House 2.prefab using Guid(f295e59b9dbcd574688481a162d3ab74) Importer(815301076,1909f56bfc062723c751e8b465ee728b)  -> (artifact id: '3960a184ee6532afbf3c1c3b97bf3e1c') in 0.015113 seconds 
========================================================================
Received Import Request.
  Time since last request: 0.000034 seconds.
  path: Assets/Prefabs/Intersection 1.prefab
  artifactKey: Guid(a4ab8d8f4589e6d40bcbb9007af66a02) Importer(815301076,1909f56bfc062723c751e8b465ee728b)
Start importing Assets/Prefabs/Intersection 1.prefab using Guid(a4ab8d8f4589e6d40bcbb9007af66a02) Importer(815301076,1909f56bfc062723c751e8b465ee728b)  -> (artifact id: '83df700d4c06861c32e5cb4938751ce9') in 0.019498 seconds 
========================================================================
Received Import Request.
  Time since last request: 0.000034 seconds.
  path: Assets/Prefabs/Road 4.prefab
  artifactKey: Guid(0613133dc88fd804c8ee6d8363a58084) Importer(815301076,1909f56bfc062723c751e8b465ee728b)
Start importing Assets/Prefabs/Road 4.prefab using Guid(0613133dc88fd804c8ee6d8363a58084) Importer(815301076,1909f56bfc062723c751e8b465ee728b)  -> (artifact id: 'b6e8d979cfa77c7a67f2faedaa918441') in 0.019962 seconds 
========================================================================
Received Import Request.
  Time since last request: 0.000034 seconds.
  path: Assets/Prefabs/Tree 4.prefab
  artifactKey: Guid(a6aa28e29027a7b408774271f6230cdd) Importer(815301076,1909f56bfc062723c751e8b465ee728b)
Start importing Assets/Prefabs/Tree 4.prefab using Guid(a6aa28e29027a7b408774271f6230cdd) Importer(815301076,1909f56bfc062723c751e8b465ee728b)  -> (artifact id: 'd53b77ef28abd8f565d1cccb7d8bcf3c') in 0.020652 seconds 
Editor requested this worker to shutdown with reason: Scaling down because of idle timeout
AssetImportWorker is now disconnected from the server
Process exiting
Exiting without the bug reporter. Application will terminate with return code 0